           adjunctions.jailbreak: no proof: nt x emit_explanation jailbreak adjunctions
                 async.jailbreak: no proof: nt x emit_explanation jailbreak async
             base-compat.doCheck: no proof: nt x emit_explanation doCheck base-compat
            bifunctors.jailbreak: no proof: nt x emit_explanation jailbreak bifunctors
         bindings-GLFW.jailbreak: no proof: nt x emit_explanation jailbreak bindings-GLFW
               blaze-builder.src: no proof: nt x emit_explanation src blaze-builder
            blaze-markup.doCheck: no proof: nt x emit_explanation doCheck blaze-markup
                   bytes.doCheck: no proof: nt x emit_explanation doCheck bytes
         bytestring-trie.doCheck: no proof: nt x emit_explanation doCheck bytestring-trie
       bytestring-trie.extraLibs: no proof: nt x emit_explanation extraLibs bytestring-trie
             bytestring-trie.src: no proof: nt x emit_explanation src bytestring-trie
         cabal-doctest.jailbreak: no proof: nt x emit_explanation jailbreak cabal-doctest
                      cereal.src: no proof: nt x emit_explanation src cereal
        ChasingBottoms.jailbreak: no proof: nt x emit_explanation jailbreak ChasingBottoms
                  ChasingBottoms: no upstream specified
                 comonad.doCheck: no proof: nt x emit_explanation doCheck comonad
                     conduit.src: no proof: nt x emit_explanation src conduit
           constraints.extraLibs: no proof: nt x emit_explanation extraLibs constraints
                 constraints.src: no proof: nt x emit_explanation src constraints
            distributive.doCheck: no proof: nt x emit_explanation doCheck distributive
exception-transformers.jailbreak: no proof: nt x emit_explanation jailbreak exception-transformers
                  free.extraLibs: no proof: nt x emit_explanation extraLibs free
                        free.src: no proof: nt x emit_explanation src free
                            free: upstream override: 5 is on hackage
                            free: SUGGESTION: consider if the hackage release is good enough
        generic-deriving.doCheck: no proof: nt x emit_explanation doCheck generic-deriving
      generic-deriving.jailbreak: no proof: nt x emit_explanation jailbreak generic-deriving
         gtk2hs-buildtools.chdir: no proof: nt x emit_explanation chdir gtk2hs-buildtools
           gtk2hs-buildtools.src: no proof: nt x emit_explanation src gtk2hs-buildtools
                 happy.postPatch: no proof: nt x emit_explanation postPatch happy
                       happy.src: no proof: nt x emit_explanation src happy
              hashable.jailbreak: no proof: nt x emit_explanation jailbreak hashable
         hashable-time.jailbreak: no proof: nt x emit_explanation jailbreak hashable-time
                  hashtables.src: no proof: nt x emit_explanation src hashtables
              haskell-gi.doCheck: no proof: nt x emit_explanation doCheck haskell-gi
                  haskell-gi.src: no proof: nt x emit_explanation src haskell-gi
                      haskell-gi: upstream override: 0.21.0 is on hackage
                      haskell-gi: SUGGESTION: consider if the hackage release is good enough
           haskell-gi-base.chdir: no proof: nt x emit_explanation chdir haskell-gi-base
                 haskell-gi-base: upstream override: 0.21.0 is on hackage
                 haskell-gi-base: SUGGESTION: consider if the hackage release is good enough
            haskell-src-exts.src: no proof: nt x emit_explanation src haskell-src-exts
                haskell-src-exts: upstream override: 1.20.1 is on hackage
                haskell-src-exts: SUGGESTION: consider if the hackage release is good enough
 haskell-src-exts-util.extraLibs: no proof: nt x emit_explanation extraLibs haskell-src-exts-util
      haskell-src-meta.jailbreak: no proof: nt x emit_explanation jailbreak haskell-src-meta
            haskell-src-meta.src: no proof: nt x emit_explanation src haskell-src-meta
                haskell-src-meta: upstream override: 0.8.0.1 is on hackage
                haskell-src-meta: SUGGESTION: consider if the hackage release is good enough
                  hedgehog.chdir: no proof: nt x emit_explanation chdir hedgehog
                hedgehog.doCheck: no proof: nt x emit_explanation doCheck hedgehog
              hedgehog.jailbreak: no proof: nt x emit_explanation jailbreak hedgehog
                    hedgehog.src: no proof: nt x emit_explanation src hedgehog
                        hedgehog: upstream override: 0.5.2 is on hackage
                        hedgehog: SUGGESTION: consider if the hackage release is good enough
                 hspec.doHaddock: no proof: nt x emit_explanation doHaddock hspec
              hspec-core.doCheck: no proof: nt x emit_explanation doCheck hspec-core
      hspec-core.editedCabalFile: no proof: nt x emit_explanation editedCabalFile hspec-core
                  hspec-core.src: no proof: nt x emit_explanation src hspec-core
